nohup: input ignorato
Length = 4
Skip = 0
filelist: /lfs/l1/legend/users/dandrea/zac/20200119-060921-calib-tier1.list
Submitting -> Flat Top: 1.0  - Sigma: 10 - Tau: 50
Your job 2714017 ("z202001190") has been submitted
qsub -P short -N z202001190 -e localhost:/lfs/l1/legend/users/dandrea/zac/run0118/calib20200119/Results/FT_1.0mus/Sigma_10mus/Tau_50mus/CUSPopt_L57_sigma10_FT1.0_tau50.err -o localhost:/lfs/l1/legend/users/dandrea/zac/run0118/calib20200119/Results/FT_1.0mus/Sigma_10mus/Tau_50mus/CUSPopt_L57_sigma10_FT1.0_tau50.out /lfs/l1/legend/users/dandrea/zac/run0118/calib20200119/Results/FT_1.0mus/Sigma_10mus/Tau_50mus/script.CUSPopt_L57_sigma10_FT1.0_tau50.sh
Submitting -> Flat Top: 1.0  - Sigma: 10 - Tau: 100
Your job 2714018 ("z202001191") has been submitted
qsub -P short -N z202001191 -e localhost:/lfs/l1/legend/users/dandrea/zac/run0118/calib20200119/Results/FT_1.0mus/Sigma_10mus/Tau_100mus/CUSPopt_L57_sigma10_FT1.0_tau100.err -o localhost:/lfs/l1/legend/users/dandrea/zac/run0118/calib20200119/Results/FT_1.0mus/Sigma_10mus/Tau_100mus/CUSPopt_L57_sigma10_FT1.0_tau100.out /lfs/l1/legend/users/dandrea/zac/run0118/calib20200119/Results/FT_1.0mus/Sigma_10mus/Tau_100mus/script.CUSPopt_L57_sigma10_FT1.0_tau100.sh
Submitting -> Flat Top: 1.0  - Sigma: 10 - Tau: 150
Your job 2714019 ("z202001192") has been submitted
qsub -P short -N z202001192 -e localhost:/lfs/l1/legend/users/dandrea/zac/run0118/calib20200119/Results/FT_1.0mus/Sigma_10mus/Tau_150mus/CUSPopt_L57_sigma10_FT1.0_tau150.err -o localhost:/lfs/l1/legend/users/dandrea/zac/run0118/calib20200119/Results/FT_1.0mus/Sigma_10mus/Tau_150mus/CUSPopt_L57_sigma10_FT1.0_tau150.out /lfs/l1/legend/users/dandrea/zac/run0118/calib20200119/Results/FT_1.0mus/Sigma_10mus/Tau_150mus/script.CUSPopt_L57_sigma10_FT1.0_tau150.sh
Submitting -> Flat Top: 1.0  - Sigma: 10 - Tau: 200
Your job 2714020 ("z202001193") has been submitted
qsub -P short -N z202001193 -e localhost:/lfs/l1/legend/users/dandrea/zac/run0118/calib20200119/Results/FT_1.0mus/Sigma_10mus/Tau_200mus/CUSPopt_L57_sigma10_FT1.0_tau200.err -o localhost:/lfs/l1/legend/users/dandrea/zac/run0118/calib20200119/Results/FT_1.0mus/Sigma_10mus/Tau_200mus/CUSPopt_L57_sigma10_FT1.0_tau200.out /lfs/l1/legend/users/dandrea/zac/run0118/calib20200119/Results/FT_1.0mus/Sigma_10mus/Tau_200mus/script.CUSPopt_L57_sigma10_FT1.0_tau200.sh
Submitting -> Flat Top: 1.0  - Sigma: 10 - Tau: 250
Your job 2714021 ("z202001194") has been submitted
qsub -P short -N z202001194 -e localhost:/lfs/l1/legend/users/dandrea/zac/run0118/calib20200119/Results/FT_1.0mus/Sigma_10mus/Tau_250mus/CUSPopt_L57_sigma10_FT1.0_tau250.err -o localhost:/lfs/l1/legend/users/dandrea/zac/run0118/calib20200119/Results/FT_1.0mus/Sigma_10mus/Tau_250mus/CUSPopt_L57_sigma10_FT1.0_tau250.out /lfs/l1/legend/users/dandrea/zac/run0118/calib20200119/Results/FT_1.0mus/Sigma_10mus/Tau_250mus/script.CUSPopt_L57_sigma10_FT1.0_tau250.sh
Submitting -> Flat Top: 1.0  - Sigma: 10 - Tau: 300
Your job 2714022 ("z202001195") has been submitted
qsub -P short -N z202001195 -e localhost:/lfs/l1/legend/users/dandrea/zac/run0118/calib20200119/Results/FT_1.0mus/Sigma_10mus/Tau_300mus/CUSPopt_L57_sigma10_FT1.0_tau300.err -o localhost:/lfs/l1/legend/users/dandrea/zac/run0118/calib20200119/Results/FT_1.0mus/Sigma_10mus/Tau_300mus/CUSPopt_L57_sigma10_FT1.0_tau300.out /lfs/l1/legend/users/dandrea/zac/run0118/calib20200119/Results/FT_1.0mus/Sigma_10mus/Tau_300mus/script.CUSPopt_L57_sigma10_FT1.0_tau300.sh
/lfs/l1/legend/daq_test/pgt/fc/tier1/run0118/cal/gerda/20200119-060921-calib-tier1_70.root

position -> 55
060921
qstat -u dandrea |  grep 20200119 | wc -l 
6
6
6
6
6
6
6
6
6
6
6
6
6
6
6
6
6
6
6
6
6
6
6
6
6
6
6
6
6
6
6
6
6
6
6
6
6
6
6
6
6
6
6
6
6
6
6
6
6
6
6
6
6
6
6
6
6
6
6
6
6
6
6
6
6
6
6
6
6
6
6
6
6
6
6
6
6
6
6
6
6
6
6
6
6
6
6
6
6
6
6
6
6
6
6
6
6
6
6
6
6
6
6
6
6
6
6
6
6
6
6
6
6
6
6
6
6
6
6
6
6
6
6
6
6
6
6
6
6
6
6
6
6
6
6
6
6
6
6
6
6
6
6
6
6
6
6
6
6
6
6
6
6
6
6
6
6
6
6
6
6
6
6
6
6
6
6
6
6
6
6
6
6
6
0
cat: /lfs/l1/legend/users/dandrea/zac/run0118/calib20200119/Results/FT_*/Sigma_*/Tau_*/ZAC-FWHM_chn24.txt: File o directory non esistente
cat: /lfs/l1/legend/users/dandrea/zac/run0118/calib20200119/Results/FT_*/Sigma_*/Tau_*/ZAC-FWHM_chn25.txt: File o directory non esistente
cat: /lfs/l1/legend/users/dandrea/zac/run0118/calib20200119/Results/FT_*/Sigma_*/Tau_*/ZAC-FWHM_chn26.txt: File o directory non esistente
cat: /lfs/l1/legend/users/dandrea/zac/run0118/calib20200119/Results/FT_*/Sigma_*/Tau_*/ZAC-FWHM_chn28.txt: File o directory non esistente
cat: /lfs/l1/legend/users/dandrea/zac/run0118/calib20200119/Results/FT_*/Sigma_*/Tau_*/ZAC-FWHM_chn30.txt: File o directory non esistente
cat: /lfs/l1/legend/users/dandrea/zac/run0118/calib20200119/Results/FT_*/Sigma_*/Tau_*/ZAC-FWHM_chn31.txt: File o directory non esistente
cat: /lfs/l1/legend/users/dandrea/zac/run0118/calib20200119/Results/FT_*/Sigma_*/Tau_*/ZAC-FWHM_chn32.txt: File o directory non esistente
cat: /lfs/l1/legend/users/dandrea/zac/run0118/calib20200119/Results/FT_*/Sigma_*/Tau_*/ZAC-FWHM_chn56.txt: File o directory non esistente
