Length = 4
Skip = 0
filelist: /lfs/l1/legend/users/dandrea/zac/20200119-060921-calib-tier1.list
Submitting -> Flat Top: 1.0  - Sigma: 2 - Tau: 160
Your job 2594007 ("z202001190") has been submitted
qsub -P short -N z202001190 -e localhost:/lfs/l1/legend/users/dandrea/zac/run0118/calib20200119/Results/FT_1.0mus/Sigma_2mus/Tau_160mus/CUSPopt_L55_sigma2_FT1.0_tau160.err -o localhost:/lfs/l1/legend/users/dandrea/zac/run0118/calib20200119/Results/FT_1.0mus/Sigma_2mus/Tau_160mus/CUSPopt_L55_sigma2_FT1.0_tau160.out /lfs/l1/legend/users/dandrea/zac/run0118/calib20200119/Results/FT_1.0mus/Sigma_2mus/Tau_160mus/script.CUSPopt_L55_sigma2_FT1.0_tau160.sh
Submitting -> Flat Top: 1.0  - Sigma: 4 - Tau: 160
Your job 2594009 ("z202001191") has been submitted
qsub -P short -N z202001191 -e localhost:/lfs/l1/legend/users/dandrea/zac/run0118/calib20200119/Results/FT_1.0mus/Sigma_4mus/Tau_160mus/CUSPopt_L55_sigma4_FT1.0_tau160.err -o localhost:/lfs/l1/legend/users/dandrea/zac/run0118/calib20200119/Results/FT_1.0mus/Sigma_4mus/Tau_160mus/CUSPopt_L55_sigma4_FT1.0_tau160.out /lfs/l1/legend/users/dandrea/zac/run0118/calib20200119/Results/FT_1.0mus/Sigma_4mus/Tau_160mus/script.CUSPopt_L55_sigma4_FT1.0_tau160.sh
Submitting -> Flat Top: 1.0  - Sigma: 6 - Tau: 160
Your job 2594010 ("z202001192") has been submitted
qsub -P short -N z202001192 -e localhost:/lfs/l1/legend/users/dandrea/zac/run0118/calib20200119/Results/FT_1.0mus/Sigma_6mus/Tau_160mus/CUSPopt_L55_sigma6_FT1.0_tau160.err -o localhost:/lfs/l1/legend/users/dandrea/zac/run0118/calib20200119/Results/FT_1.0mus/Sigma_6mus/Tau_160mus/CUSPopt_L55_sigma6_FT1.0_tau160.out /lfs/l1/legend/users/dandrea/zac/run0118/calib20200119/Results/FT_1.0mus/Sigma_6mus/Tau_160mus/script.CUSPopt_L55_sigma6_FT1.0_tau160.sh
Submitting -> Flat Top: 1.0  - Sigma: 8 - Tau: 160
Your job 2594011 ("z202001193") has been submitted
qsub -P short -N z202001193 -e localhost:/lfs/l1/legend/users/dandrea/zac/run0118/calib20200119/Results/FT_1.0mus/Sigma_8mus/Tau_160mus/CUSPopt_L55_sigma8_FT1.0_tau160.err -o localhost:/lfs/l1/legend/users/dandrea/zac/run0118/calib20200119/Results/FT_1.0mus/Sigma_8mus/Tau_160mus/CUSPopt_L55_sigma8_FT1.0_tau160.out /lfs/l1/legend/users/dandrea/zac/run0118/calib20200119/Results/FT_1.0mus/Sigma_8mus/Tau_160mus/script.CUSPopt_L55_sigma8_FT1.0_tau160.sh
Submitting -> Flat Top: 1.0  - Sigma: 10 - Tau: 160
Your job 2594012 ("z202001194") has been submitted
qsub -P short -N z202001194 -e localhost:/lfs/l1/legend/users/dandrea/zac/run0118/calib20200119/Results/FT_1.0mus/Sigma_10mus/Tau_160mus/CUSPopt_L55_sigma10_FT1.0_tau160.err -o localhost:/lfs/l1/legend/users/dandrea/zac/run0118/calib20200119/Results/FT_1.0mus/Sigma_10mus/Tau_160mus/CUSPopt_L55_sigma10_FT1.0_tau160.out /lfs/l1/legend/users/dandrea/zac/run0118/calib20200119/Results/FT_1.0mus/Sigma_10mus/Tau_160mus/script.CUSPopt_L55_sigma10_FT1.0_tau160.sh
Submitting -> Flat Top: 1.0  - Sigma: 12 - Tau: 160
Your job 2594014 ("z202001195") has been submitted
qsub -P short -N z202001195 -e localhost:/lfs/l1/legend/users/dandrea/zac/run0118/calib20200119/Results/FT_1.0mus/Sigma_12mus/Tau_160mus/CUSPopt_L55_sigma12_FT1.0_tau160.err -o localhost:/lfs/l1/legend/users/dandrea/zac/run0118/calib20200119/Results/FT_1.0mus/Sigma_12mus/Tau_160mus/CUSPopt_L55_sigma12_FT1.0_tau160.out /lfs/l1/legend/users/dandrea/zac/run0118/calib20200119/Results/FT_1.0mus/Sigma_12mus/Tau_160mus/script.CUSPopt_L55_sigma12_FT1.0_tau160.sh
Submitting -> Flat Top: 1.0  - Sigma: 14 - Tau: 160
Your job 2594015 ("z202001196") has been submitted
qsub -P short -N z202001196 -e localhost:/lfs/l1/legend/users/dandrea/zac/run0118/calib20200119/Results/FT_1.0mus/Sigma_14mus/Tau_160mus/CUSPopt_L55_sigma14_FT1.0_tau160.err -o localhost:/lfs/l1/legend/users/dandrea/zac/run0118/calib20200119/Results/FT_1.0mus/Sigma_14mus/Tau_160mus/CUSPopt_L55_sigma14_FT1.0_tau160.out /lfs/l1/legend/users/dandrea/zac/run0118/calib20200119/Results/FT_1.0mus/Sigma_14mus/Tau_160mus/script.CUSPopt_L55_sigma14_FT1.0_tau160.sh
Submitting -> Flat Top: 1.0  - Sigma: 16 - Tau: 160
Your job 2594016 ("z202001197") has been submitted
qsub -P short -N z202001197 -e localhost:/lfs/l1/legend/users/dandrea/zac/run0118/calib20200119/Results/FT_1.0mus/Sigma_16mus/Tau_160mus/CUSPopt_L55_sigma16_FT1.0_tau160.err -o localhost:/lfs/l1/legend/users/dandrea/zac/run0118/calib20200119/Results/FT_1.0mus/Sigma_16mus/Tau_160mus/CUSPopt_L55_sigma16_FT1.0_tau160.out /lfs/l1/legend/users/dandrea/zac/run0118/calib20200119/Results/FT_1.0mus/Sigma_16mus/Tau_160mus/script.CUSPopt_L55_sigma16_FT1.0_tau160.sh
Submitting -> Flat Top: 1.0  - Sigma: 18 - Tau: 160
Your job 2594018 ("z202001198") has been submitted
qsub -P short -N z202001198 -e localhost:/lfs/l1/legend/users/dandrea/zac/run0118/calib20200119/Results/FT_1.0mus/Sigma_18mus/Tau_160mus/CUSPopt_L55_sigma18_FT1.0_tau160.err -o localhost:/lfs/l1/legend/users/dandrea/zac/run0118/calib20200119/Results/FT_1.0mus/Sigma_18mus/Tau_160mus/CUSPopt_L55_sigma18_FT1.0_tau160.out /lfs/l1/legend/users/dandrea/zac/run0118/calib20200119/Results/FT_1.0mus/Sigma_18mus/Tau_160mus/script.CUSPopt_L55_sigma18_FT1.0_tau160.sh
Submitting -> Flat Top: 1.0  - Sigma: 20 - Tau: 160
Your job 2594019 ("z202001199") has been submitted
qsub -P short -N z202001199 -e localhost:/lfs/l1/legend/users/dandrea/zac/run0118/calib20200119/Results/FT_1.0mus/Sigma_20mus/Tau_160mus/CUSPopt_L55_sigma20_FT1.0_tau160.err -o localhost:/lfs/l1/legend/users/dandrea/zac/run0118/calib20200119/Results/FT_1.0mus/Sigma_20mus/Tau_160mus/CUSPopt_L55_sigma20_FT1.0_tau160.out /lfs/l1/legend/users/dandrea/zac/run0118/calib20200119/Results/FT_1.0mus/Sigma_20mus/Tau_160mus/script.CUSPopt_L55_sigma20_FT1.0_tau160.sh
Submitting -> Flat Top: 1.0  - Sigma: 22 - Tau: 160
Your job 2594021 ("z2020011910") has been submitted
qsub -P short -N z2020011910 -e localhost:/lfs/l1/legend/users/dandrea/zac/run0118/calib20200119/Results/FT_1.0mus/Sigma_22mus/Tau_160mus/CUSPopt_L55_sigma22_FT1.0_tau160.err -o localhost:/lfs/l1/legend/users/dandrea/zac/run0118/calib20200119/Results/FT_1.0mus/Sigma_22mus/Tau_160mus/CUSPopt_L55_sigma22_FT1.0_tau160.out /lfs/l1/legend/users/dandrea/zac/run0118/calib20200119/Results/FT_1.0mus/Sigma_22mus/Tau_160mus/script.CUSPopt_L55_sigma22_FT1.0_tau160.sh
Submitting -> Flat Top: 1.0  - Sigma: 24 - Tau: 160
Your job 2594022 ("z2020011911") has been submitted
qsub -P short -N z2020011911 -e localhost:/lfs/l1/legend/users/dandrea/zac/run0118/calib20200119/Results/FT_1.0mus/Sigma_24mus/Tau_160mus/CUSPopt_L55_sigma24_FT1.0_tau160.err -o localhost:/lfs/l1/legend/users/dandrea/zac/run0118/calib20200119/Results/FT_1.0mus/Sigma_24mus/Tau_160mus/CUSPopt_L55_sigma24_FT1.0_tau160.out /lfs/l1/legend/users/dandrea/zac/run0118/calib20200119/Results/FT_1.0mus/Sigma_24mus/Tau_160mus/script.CUSPopt_L55_sigma24_FT1.0_tau160.sh
Submitting -> Flat Top: 1.0  - Sigma: 26 - Tau: 160
Your job 2594023 ("z2020011912") has been submitted
qsub -P short -N z2020011912 -e localhost:/lfs/l1/legend/users/dandrea/zac/run0118/calib20200119/Results/FT_1.0mus/Sigma_26mus/Tau_160mus/CUSPopt_L55_sigma26_FT1.0_tau160.err -o localhost:/lfs/l1/legend/users/dandrea/zac/run0118/calib20200119/Results/FT_1.0mus/Sigma_26mus/Tau_160mus/CUSPopt_L55_sigma26_FT1.0_tau160.out /lfs/l1/legend/users/dandrea/zac/run0118/calib20200119/Results/FT_1.0mus/Sigma_26mus/Tau_160mus/script.CUSPopt_L55_sigma26_FT1.0_tau160.sh
Submitting -> Flat Top: 1.0  - Sigma: 28 - Tau: 160
Your job 2594024 ("z2020011913") has been submitted
qsub -P short -N z2020011913 -e localhost:/lfs/l1/legend/users/dandrea/zac/run0118/calib20200119/Results/FT_1.0mus/Sigma_28mus/Tau_160mus/CUSPopt_L55_sigma28_FT1.0_tau160.err -o localhost:/lfs/l1/legend/users/dandrea/zac/run0118/calib20200119/Results/FT_1.0mus/Sigma_28mus/Tau_160mus/CUSPopt_L55_sigma28_FT1.0_tau160.out /lfs/l1/legend/users/dandrea/zac/run0118/calib20200119/Results/FT_1.0mus/Sigma_28mus/Tau_160mus/script.CUSPopt_L55_sigma28_FT1.0_tau160.sh
Submitting -> Flat Top: 1.0  - Sigma: 30 - Tau: 160
Your job 2594026 ("z2020011914") has been submitted
qsub -P short -N z2020011914 -e localhost:/lfs/l1/legend/users/dandrea/zac/run0118/calib20200119/Results/FT_1.0mus/Sigma_30mus/Tau_160mus/CUSPopt_L55_sigma30_FT1.0_tau160.err -o localhost:/lfs/l1/legend/users/dandrea/zac/run0118/calib20200119/Results/FT_1.0mus/Sigma_30mus/Tau_160mus/CUSPopt_L55_sigma30_FT1.0_tau160.out /lfs/l1/legend/users/dandrea/zac/run0118/calib20200119/Results/FT_1.0mus/Sigma_30mus/Tau_160mus/script.CUSPopt_L55_sigma30_FT1.0_tau160.sh
/lfs/l1/legend/daq_test/pgt/fc/tier1/run0118/cal/gerda/20200119-060921-calib-tier1_70.root

position -> 55
060921
qstat -u dandrea |  grep 20200119 | wc -l 
1
1
1
1
1
1
1
0
cat: /lfs/l1/legend/users/dandrea/zac/run0118/calib20200119/Results/FT_*/Sigma_*/Tau_*/CUSPopt_analysis_channel0_length*.dat: File o directory non esistente
cat: /lfs/l1/legend/users/dandrea/zac/run0118/calib20200119/Results/FT_*/Sigma_*/Tau_*/CUSPopt_analysis_channel1_length*.dat: File o directory non esistente
cat: /lfs/l1/legend/users/dandrea/zac/run0118/calib20200119/Results/FT_*/Sigma_*/Tau_*/CUSPopt_analysis_channel2_length*.dat: File o directory non esistente
cat: /lfs/l1/legend/users/dandrea/zac/run0118/calib20200119/Results/FT_*/Sigma_*/Tau_*/CUSPopt_analysis_channel3_length*.dat: File o directory non esistente
cat: /lfs/l1/legend/users/dandrea/zac/run0118/calib20200119/Results/FT_*/Sigma_*/Tau_*/CUSPopt_analysis_channel4_length*.dat: File o directory non esistente
cat: /lfs/l1/legend/users/dandrea/zac/run0118/calib20200119/Results/FT_*/Sigma_*/Tau_*/CUSPopt_analysis_channel5_length*.dat: File o directory non esistente
cat: /lfs/l1/legend/users/dandrea/zac/run0118/calib20200119/Results/FT_*/Sigma_*/Tau_*/CUSPopt_analysis_channel6_length*.dat: File o directory non esistente
cat: /lfs/l1/legend/users/dandrea/zac/run0118/calib20200119/Results/FT_*/Sigma_*/Tau_*/CUSPopt_analysis_channel7_length*.dat: File o directory non esistente
cat: /lfs/l1/legend/users/dandrea/zac/run0118/calib20200119/Results/FT_*/Sigma_*/Tau_*/CUSPopt_analysis_channel8_length*.dat: File o directory non esistente
cat: /lfs/l1/legend/users/dandrea/zac/run0118/calib20200119/Results/FT_*/Sigma_*/Tau_*/CUSPopt_analysis_channel9_length*.dat: File o directory non esistente
cat: /lfs/l1/legend/users/dandrea/zac/run0118/calib20200119/Results/FT_*/Sigma_*/Tau_*/CUSPopt_analysis_channel10_length*.dat: File o directory non esistente
cat: /lfs/l1/legend/users/dandrea/zac/run0118/calib20200119/Results/FT_*/Sigma_*/Tau_*/CUSPopt_analysis_channel11_length*.dat: File o directory non esistente
cat: /lfs/l1/legend/users/dandrea/zac/run0118/calib20200119/Results/FT_*/Sigma_*/Tau_*/CUSPopt_analysis_channel12_length*.dat: File o directory non esistente
cat: /lfs/l1/legend/users/dandrea/zac/run0118/calib20200119/Results/FT_*/Sigma_*/Tau_*/CUSPopt_analysis_channel13_length*.dat: File o directory non esistente
cat: /lfs/l1/legend/users/dandrea/zac/run0118/calib20200119/Results/FT_*/Sigma_*/Tau_*/CUSPopt_analysis_channel14_length*.dat: File o directory non esistente
cat: /lfs/l1/legend/users/dandrea/zac/run0118/calib20200119/Results/FT_*/Sigma_*/Tau_*/CUSPopt_analysis_channel15_length*.dat: File o directory non esistente
cat: /lfs/l1/legend/users/dandrea/zac/run0118/calib20200119/Results/FT_*/Sigma_*/Tau_*/CUSPopt_analysis_channel16_length*.dat: File o directory non esistente
cat: /lfs/l1/legend/users/dandrea/zac/run0118/calib20200119/Results/FT_*/Sigma_*/Tau_*/CUSPopt_analysis_channel17_length*.dat: File o directory non esistente
cat: /lfs/l1/legend/users/dandrea/zac/run0118/calib20200119/Results/FT_*/Sigma_*/Tau_*/CUSPopt_analysis_channel18_length*.dat: File o directory non esistente
cat: /lfs/l1/legend/users/dandrea/zac/run0118/calib20200119/Results/FT_*/Sigma_*/Tau_*/CUSPopt_analysis_channel19_length*.dat: File o directory non esistente
cat: /lfs/l1/legend/users/dandrea/zac/run0118/calib20200119/Results/FT_*/Sigma_*/Tau_*/CUSPopt_analysis_channel20_length*.dat: File o directory non esistente
cat: /lfs/l1/legend/users/dandrea/zac/run0118/calib20200119/Results/FT_*/Sigma_*/Tau_*/CUSPopt_analysis_channel21_length*.dat: File o directory non esistente
cat: /lfs/l1/legend/users/dandrea/zac/run0118/calib20200119/Results/FT_*/Sigma_*/Tau_*/CUSPopt_analysis_channel22_length*.dat: File o directory non esistente
cat: /lfs/l1/legend/users/dandrea/zac/run0118/calib20200119/Results/FT_*/Sigma_*/Tau_*/CUSPopt_analysis_channel23_length*.dat: File o directory non esistente
cat: /lfs/l1/legend/users/dandrea/zac/run0118/calib20200119/Results/FT_*/Sigma_*/Tau_*/CUSPopt_analysis_channel24_length*.dat: File o directory non esistente
cat: /lfs/l1/legend/users/dandrea/zac/run0118/calib20200119/Results/FT_*/Sigma_*/Tau_*/CUSPopt_analysis_channel25_length*.dat: File o directory non esistente
cat: /lfs/l1/legend/users/dandrea/zac/run0118/calib20200119/Results/FT_*/Sigma_*/Tau_*/CUSPopt_analysis_channel26_length*.dat: File o directory non esistente
cat: /lfs/l1/legend/users/dandrea/zac/run0118/calib20200119/Results/FT_*/Sigma_*/Tau_*/CUSPopt_analysis_channel27_length*.dat: File o directory non esistente
cat: /lfs/l1/legend/users/dandrea/zac/run0118/calib20200119/Results/FT_*/Sigma_*/Tau_*/CUSPopt_analysis_channel28_length*.dat: File o directory non esistente
cat: /lfs/l1/legend/users/dandrea/zac/run0118/calib20200119/Results/FT_*/Sigma_*/Tau_*/CUSPopt_analysis_channel29_length*.dat: File o directory non esistente
cat: /lfs/l1/legend/users/dandrea/zac/run0118/calib20200119/Results/FT_*/Sigma_*/Tau_*/CUSPopt_analysis_channel30_length*.dat: File o directory non esistente
cat: /lfs/l1/legend/users/dandrea/zac/run0118/calib20200119/Results/FT_*/Sigma_*/Tau_*/CUSPopt_analysis_channel31_length*.dat: File o directory non esistente
cat: /lfs/l1/legend/users/dandrea/zac/run0118/calib20200119/Results/FT_*/Sigma_*/Tau_*/CUSPopt_analysis_channel32_length*.dat: File o directory non esistente
cat: /lfs/l1/legend/users/dandrea/zac/run0118/calib20200119/Results/FT_*/Sigma_*/Tau_*/CUSPopt_analysis_channel33_length*.dat: File o directory non esistente
cat: /lfs/l1/legend/users/dandrea/zac/run0118/calib20200119/Results/FT_*/Sigma_*/Tau_*/CUSPopt_analysis_channel34_length*.dat: File o directory non esistente
cat: /lfs/l1/legend/users/dandrea/zac/run0118/calib20200119/Results/FT_*/Sigma_*/Tau_*/CUSPopt_analysis_channel35_length*.dat: File o directory non esistente
cat: /lfs/l1/legend/users/dandrea/zac/run0118/calib20200119/Results/FT_*/Sigma_*/Tau_*/CUSPopt_analysis_channel36_length*.dat: File o directory non esistente
cat: /lfs/l1/legend/users/dandrea/zac/run0118/calib20200119/Results/FT_*/Sigma_*/Tau_*/CUSPopt_analysis_channel37_length*.dat: File o directory non esistente
cat: /lfs/l1/legend/users/dandrea/zac/run0118/calib20200119/Results/FT_*/Sigma_*/Tau_*/CUSPopt_analysis_channel38_length*.dat: File o directory non esistente
cat: /lfs/l1/legend/users/dandrea/zac/run0118/calib20200119/Results/FT_*/Sigma_*/Tau_*/CUSPopt_analysis_channel39_length*.dat: File o directory non esistente
cat: /lfs/l1/legend/users/dandrea/zac/run0118/calib20200119/Results/FT_*/Sigma_*/Tau_*/CUSPopt_analysis_channel40_length*.dat: File o directory non esistente
